           A        K        L        H        r        w        C        I        Y        B       BA     tauc     tauw     taur     taup      HEV       DIFF 
-14                                                                                                                                          -23.48 
-13                                                                                                                                          -20.13 
-12                                                                                                                                          -15.90 
-11                                                                                                                                          -13.59 
-10                                                                                                                                          -12.54 
 -9                                                                                                                                          -12.19 
 -8                                                                                                                                          -12.27 
 -7                                                                                                                                           -8.71 
 -6                                                                                                                                           -6.55 
 -5                                                                                                                                           -4.96 
 -4                                                                                                                                           -3.66 
 -3                                                                                                                                           -2.45 
 -2                                                                                                                                           -1.32 
 -1                                                                                                                                           -0.21 
  0     0.00     0.00     0.00     0.00     0.00     0.00     0.00     0.00     0.00     0.00     0.00     0.00     0.00     0.00     0.00     0.82   -0.00007 
  1     0.00     0.00     6.73     1.62     0.41    -2.32    -5.86    29.19     4.26     0.00     0.00     0.00    -0.50    -0.50    -9.53     1.83    0.00004 
  2     9.36    11.11     6.87     1.72    -0.24     1.41    -0.64    33.97     8.38     0.00     0.00     0.00    -1.56    -1.56    -9.50     2.43    0.00004 
  3    16.69    19.81     7.14     1.83    -0.67     4.11     3.44    37.50    11.54     0.00     0.00     0.00    -2.30    -2.30    -9.45     2.86    0.00003 
  4    22.37    26.55     7.43     1.94    -0.97     6.07     6.69    39.92    13.96     0.00     0.00     0.00    -2.84    -2.84    -9.40     3.19    0.00003 
  5    26.66    31.64     7.68     2.02    -1.19     7.50     9.23    41.44    15.76     0.00     0.00     0.00    -3.23    -3.23    -9.36     3.43    0.00002 
  6    29.80    35.37     7.85     2.08    -1.34     8.53    11.12    42.39    17.04     0.00     0.00     0.00    -3.50    -3.50    -9.33     3.61    0.00002 
  7    32.06    38.04     7.94     2.11    -1.44     9.26    12.39    43.12    17.93     0.00     0.00     0.00    -3.68    -3.68    -9.31     3.74    0.00002 
  8    33.68    39.98     7.97     2.12    -1.52     9.80    13.21    43.76    18.55     0.00     0.00     0.00    -3.80    -3.80    -9.32     3.82    0.00001 
  9    34.90    41.42     7.97     2.12    -1.57    10.20    13.76    44.27    18.99     0.00     0.00     0.00    -3.88    -3.88    -9.34     3.88    0.00001 
 10    35.81    42.50     7.94     2.11    -1.62    10.52    14.14    44.64    19.29     0.00     0.00     0.00    -3.94    -3.94    -9.37     3.93    0.00001 
 11    36.50    43.31     7.92     2.10    -1.65    10.75    14.42    44.96    19.53     0.00     0.00     0.00    -3.98    -3.98    -9.39     3.97    0.00001 
 12    37.02    43.94     7.92     2.10    -1.67    10.92    14.63    45.22    19.71     0.00     0.00     0.00    -4.01    -4.01    -9.41     3.99    0.00001 
 13    37.43    44.43     7.92     2.10    -1.69    11.06    14.80    45.43    19.86     0.00     0.00     0.00    -4.04    -4.04    -9.43     4.02    0.00001 
 14    37.75    44.81     7.93     2.10    -1.70    11.16    14.95    45.58    19.98     0.00     0.00     0.00    -4.06    -4.06    -9.44     4.03    0.00001 
 15    38.00    45.10     7.94     2.10    -1.71    11.24    15.06    45.68    20.07     0.00     0.00     0.00    -4.08    -4.08    -9.45     4.05    0.00001 
 16    38.19    45.32     7.94     2.10    -1.72    11.30    15.15    45.75    20.14     0.00     0.00     0.00    -4.09    -4.09    -9.45     4.05    0.00002 
 17    38.32    45.48     7.94     2.10    -1.73    11.34    15.22    45.80    20.19     0.00     0.00     0.00    -4.10    -4.10    -9.46     4.06    0.00002 
 18    38.43    45.61     7.94     2.10    -1.73    11.38    15.27    45.84    20.22     0.00     0.00     0.00    -4.11    -4.11    -9.46     4.07    0.00001 
 19    38.50    45.70     7.94     2.10    -1.74    11.40    15.30    45.87    20.25     0.00     0.00     0.00    -4.11    -4.11    -9.46     4.07    0.00001 
 20    38.56    45.76     7.94     2.10    -1.74    11.42    15.33    45.89    20.27     0.00     0.00     0.00    -4.12    -4.12    -9.46     4.07    0.00001 
 21    38.60    45.81     7.94     2.10    -1.74    11.43    15.34    45.91    20.28     0.00     0.00     0.00    -4.12    -4.12    -9.46     4.07    0.00001 
 22    38.63    45.85     7.94     2.10    -1.74    11.44    15.36    45.92    20.29     0.00     0.00     0.00    -4.12    -4.12    -9.46     4.07    0.00001 
 23    38.65    45.87     7.94     2.10    -1.74    11.45    15.37    45.92    20.30     0.00     0.00     0.00    -4.12    -4.12    -9.46     4.08    0.00001 
 24    38.67    45.89     7.94     2.10    -1.74    11.46    15.38    45.93    20.31     0.00     0.00     0.00    -4.12    -4.12    -9.46     4.08    0.00001 
 25    38.68    45.91     7.94     2.10    -1.74    11.46    15.38    45.93    20.31     0.00     0.00     0.00    -4.12    -4.12    -9.46     4.08    0.00001 
 26    38.69    45.92     7.94     2.10    -1.74    11.46    15.39    45.94    20.31     0.00     0.00     0.00    -4.12    -4.12    -9.46     4.08    0.00001 
 27    38.69    45.92     7.94     2.10    -1.75    11.47    15.39    45.94    20.32     0.00     0.00     0.00    -4.13    -4.13    -9.46     4.08    0.00001 
 28    38.70    45.93     7.94     2.10    -1.75    11.47    15.39    45.94    20.32     0.00     0.00     0.00    -4.13    -4.13    -9.46     4.08    0.00001 
 29    38.70    45.93     7.94     2.10    -1.75    11.47    15.39    45.94    20.32     0.00     0.00     0.00    -4.13    -4.13    -9.46     4.08    0.00001 
 30    38.71    45.94     7.94     2.10    -1.75    11.47    15.39    45.94    20.32     0.00     0.00     0.00    -4.13    -4.13    -9.46     4.08    0.00001 
 31    38.71    45.94     7.94     2.10    -1.75    11.47    15.39    45.94    20.32     0.00     0.00     0.00    -4.13    -4.13    -9.46     4.08    0.00001 
 32    38.71    45.94     7.94     2.10    -1.75    11.47    15.39    45.94    20.32     0.00     0.00     0.00    -4.13    -4.13    -9.46     4.08    0.00001 
 33    38.71    45.94     7.94     2.10    -1.75    11.47    15.40    45.94    20.32     0.00     0.00     0.00    -4.13    -4.13    -9.46     4.08    0.00001 
 34    38.71    45.94     7.94     2.10    -1.75    11.47    15.40    45.94    20.32     0.00     0.00     0.00    -4.13    -4.13    -9.46     4.08    0.00000 
 35    38.71    45.94     7.94     2.10    -1.75    11.47    15.40    45.95    20.32     0.00     0.00     0.00    -4.13    -4.13    -9.46     4.08   -0.00001 
 36    38.71    45.94     7.94     2.10    -1.75    11.47    15.40    45.95    20.32     0.00     0.00     0.00    -4.13    -4.13    -9.46     4.08   -0.00003 
 37    38.71    45.94     7.94     2.10    -1.75    11.47    15.40    45.95    20.32     0.00     0.00     0.00    -4.13    -4.13    -9.46     4.08   -0.00007 
 38    38.71    45.94     7.94     2.10    -1.75    11.47    15.40    45.95    20.32     0.00     0.00     0.00    -4.13    -4.13    -9.46     4.08   -0.00010 
 39    38.71    45.95     7.94     2.10    -1.75    11.47    15.40    45.94    20.32     0.00     0.00     0.00    -4.13    -4.13    -9.46     4.08    0.00062 
 40    38.71    45.94     7.94     2.10    -1.75    11.47    15.40    45.94    20.32     0.00     0.00     0.00    -4.13    -4.13    -9.46     4.08   -0.00006 
