           A        K        L        H        r        w        C        I        Y        B       BA     tauc     tauw     taur     taup      HEV       DIFF 
-10                                                                                                                                            3.72 
 -9                                                                                                                                            3.91 
 -8                                                                                                                                            4.18 
 -7                                                                                                                                            2.67 
 -6                                                                                                                                            1.70 
 -5                                                                                                                                            1.00 
 -4                                                                                                                                            0.41 
 -3                                                                                                                                           -0.14 
 -2                                                                                                                                           -0.67 
 -1                                                                                                                                           -1.20 
  0     0.00     0.00     0.00     0.00     0.00     0.00     0.00     0.00     0.00     0.00     0.00     0.00     0.00     0.00     0.00    -1.66    0.00008 
  1     0.00    -0.00    -2.73    -0.54    -0.18     1.00     1.65   -11.27    -1.76     0.00     0.00     0.00     0.24     0.24     4.92    -2.00    0.00000 
  2    -3.57    -4.29    -2.73    -0.59     0.10    -0.58    -0.40   -12.81    -3.30     0.00     0.00     0.00     0.72     0.72     4.85    -2.29   -0.00000 
  3    -6.28    -7.54    -2.96    -0.70     0.31    -1.72    -2.29   -13.90    -4.63     0.00     0.00     0.00     1.16     1.16     4.75    -2.50   -0.00000 
  4    -8.29    -9.96    -3.26    -0.81     0.47    -2.55    -4.23   -13.86    -5.73     0.00     0.00     0.00     1.54     1.54     4.64    -2.65   -0.00000 
  5    -9.53   -11.45    -3.41    -0.87     0.57    -3.08    -5.30   -14.06    -6.39     0.00     0.00     0.00     1.77     1.77     4.59    -2.77   -0.00000 
  6   -10.36   -12.44    -3.51    -0.91     0.64    -3.44    -5.97   -14.28    -6.82     0.00     0.00     0.00     1.92     1.92     4.59    -2.85    0.00000 
  7   -10.95   -13.14    -3.58    -0.94     0.69    -3.69    -6.43   -14.52    -7.14     0.00     0.00     0.00     2.03     2.03     4.60    -2.93    0.00000 
  8   -11.38   -13.67    -3.66    -0.96     0.72    -3.87    -6.75   -14.76    -7.39     0.00     0.00     0.00     2.11     2.11     4.65    -2.99    0.00000 
  9   -11.73   -14.08    -3.70    -0.98     0.75    -4.02    -6.99   -15.00    -7.58     0.00     0.00     0.00     2.18     2.18     4.70    -3.04    0.00000 
 10   -12.02   -14.43    -3.71    -0.98     0.78    -4.16    -7.15   -15.18    -7.72     0.00     0.00     0.00     2.23     2.23     4.73    -3.08    0.00000 
 11   -12.26   -14.72    -3.71    -0.98     0.80    -4.28    -7.28   -15.36    -7.83     0.00     0.00     0.00     2.26     2.26     4.76    -3.11    0.00000 
 12   -12.46   -14.96    -3.73    -0.98     0.82    -4.37    -7.39   -15.53    -7.93     0.00     0.00     0.00     2.30     2.30     4.77    -3.14    0.00000 
 13   -12.64   -15.18    -3.76    -0.99     0.83    -4.45    -7.53   -15.62    -8.04     0.00     0.00     0.00     2.34     2.34     4.79    -3.16    0.00000 
 14   -12.78   -15.35    -3.78    -1.00     0.85    -4.51    -7.63   -15.70    -8.11     0.00     0.00     0.00     2.36     2.36     4.80    -3.18    0.00000 
 15   -12.90   -15.48    -3.79    -1.00     0.86    -4.56    -7.71   -15.76    -8.17     0.00     0.00     0.00     2.38     2.38     4.81    -3.19    0.00000 
 16   -12.98   -15.59    -3.79    -1.01     0.86    -4.60    -7.77   -15.81    -8.22     0.00     0.00     0.00     2.40     2.40     4.81    -3.20    0.00000 
 17   -13.06   -15.68    -3.79    -1.01     0.87    -4.64    -7.81   -15.85    -8.25     0.00     0.00     0.00     2.41     2.41     4.81    -3.21    0.00000 
 18   -13.11   -15.74    -3.79    -1.01     0.88    -4.66    -7.85   -15.88    -8.28     0.00     0.00     0.00     2.42     2.42     4.81    -3.21    0.00000 
 19   -13.15   -15.79    -3.80    -1.01     0.88    -4.68    -7.88   -15.90    -8.30     0.00     0.00     0.00     2.43     2.43     4.81    -3.22    0.00000 
 20   -13.19   -15.84    -3.80    -1.01     0.88    -4.70    -7.90   -15.92    -8.32     0.00     0.00     0.00     2.44     2.44     4.82    -3.22    0.00000 
 21   -13.22   -15.87    -3.80    -1.01     0.89    -4.71    -7.92   -15.93    -8.33     0.00     0.00     0.00     2.44     2.44     4.82    -3.22    0.00000 
 22   -13.24   -15.89    -3.80    -1.01     0.89    -4.72    -7.93   -15.95    -8.34     0.00     0.00     0.00     2.44     2.44     4.82    -3.23    0.00000 
 23   -13.25   -15.91    -3.80    -1.01     0.89    -4.73    -7.94   -15.95    -8.35     0.00     0.00     0.00     2.45     2.45     4.82    -3.23    0.00000 
 24   -13.27   -15.93    -3.80    -1.01     0.89    -4.73    -7.95   -15.96    -8.36     0.00     0.00     0.00     2.45     2.45     4.82    -3.23    0.00000 
 25   -13.28   -15.94    -3.80    -1.01     0.89    -4.74    -7.96   -15.97    -8.36     0.00     0.00     0.00     2.45     2.45     4.82    -3.23    0.00000 
 26   -13.28   -15.95    -3.80    -1.01     0.89    -4.74    -7.96   -15.97    -8.37     0.00     0.00     0.00     2.45     2.45     4.82    -3.23    0.00000 
 27   -13.29   -15.96    -3.80    -1.01     0.89    -4.75    -7.97   -15.97    -8.37     0.00     0.00     0.00     2.45     2.45     4.82    -3.23    0.00000 
 28   -13.30   -15.96    -3.80    -1.01     0.89    -4.75    -7.97   -15.98    -8.37     0.00     0.00     0.00     2.45     2.45     4.82    -3.23    0.00000 
 29   -13.30   -15.97    -3.80    -1.01     0.89    -4.75    -7.97   -15.98    -8.37     0.00     0.00     0.00     2.46     2.46     4.82    -3.23    0.00000 
 30   -13.30   -15.97    -3.80    -1.01     0.89    -4.75    -7.98   -15.98    -8.38     0.00     0.00     0.00     2.46     2.46     4.82    -3.23    0.00000 
 31   -13.30   -15.97    -3.80    -1.01     0.89    -4.75    -7.98   -15.98    -8.38     0.00     0.00     0.00     2.46     2.46     4.82    -3.23    0.00000 
 32   -13.31   -15.98    -3.80    -1.01     0.89    -4.75    -7.98   -15.98    -8.38     0.00     0.00     0.00     2.46     2.46     4.82    -3.23    0.00000 
 33   -13.31   -15.98    -3.81    -1.01     0.89    -4.75    -7.98   -15.98    -8.38     0.00     0.00     0.00     2.46     2.46     4.82    -3.23    0.00000 
 34   -13.31   -15.98    -3.81    -1.01     0.89    -4.75    -7.98   -15.98    -8.38     0.00     0.00     0.00     2.46     2.46     4.82    -3.24    0.00001 
 35   -13.31   -15.98    -3.81    -1.01     0.89    -4.76    -7.98   -15.98    -8.38     0.00     0.00     0.00     2.46     2.46     4.82    -3.24    0.00001 
 36   -13.31   -15.98    -3.81    -1.01     0.89    -4.76    -7.98   -15.98    -8.38     0.00     0.00     0.00     2.46     2.46     4.82    -3.24    0.00001 
 37   -13.31   -15.98    -3.81    -1.01     0.89    -4.76    -7.98   -15.98    -8.38     0.00     0.00     0.00     2.46     2.46     4.82    -3.24    0.00002 
 38   -13.31   -15.98    -3.80    -1.01     0.89    -4.76    -7.98   -15.98    -8.38     0.00     0.00     0.00     2.46     2.46     4.82    -3.24    0.00004 
 39   -13.31   -15.98    -3.80    -1.01     0.89    -4.76    -7.98   -15.99    -8.38     0.00     0.00     0.00     2.46     2.46     4.82    -3.24    0.00124 
 40   -13.31   -15.98    -3.81    -1.01     0.89    -4.76    -7.98   -15.98    -8.38     0.00     0.00     0.00     2.46     2.46     4.82    -3.24    0.00008 
