           A        K        L        H        r        w        C        I        Y        B       BA     tauc     tauw     taur     taup      HEV       DIFF 
-10                                                                                                                                           -7.42 
 -9                                                                                                                                           -8.03 
 -8                                                                                                                                           -8.80 
 -7                                                                                                                                           -5.52 
 -6                                                                                                                                           -3.74 
 -5                                                                                                                                           -2.49 
 -4                                                                                                                                           -1.48 
 -3                                                                                                                                           -0.55 
 -2                                                                                                                                            0.31 
 -1                                                                                                                                            1.17 
  0     0.00     0.00     0.00     0.00     0.00     0.00     0.00     0.00     0.00     0.00     0.00     0.00     0.00     0.00     0.00     1.92   -0.00009 
  1     0.00     0.00     5.09     1.15     0.32    -1.77    -3.19    21.13     3.23     0.00     0.00     0.00    -0.41    -0.41    -7.61     2.55   -0.00000 
  2     6.70     8.04     5.13     1.23    -0.18     0.99     0.44    24.76     6.17     0.00     0.00     0.00    -1.22    -1.22    -7.57     2.99    0.00000 
  3    12.00    14.41     5.51     1.38    -0.51     2.96     3.79    27.04     8.63     0.00     0.00     0.00    -1.86    -1.86    -7.53     3.28    0.00001 
  4    16.00    19.22     5.95     1.54    -0.74     4.34     7.11    27.11    10.54     0.00     0.00     0.00    -2.36    -2.36    -7.48     3.48    0.00001 
  5    18.51    22.22     6.13     1.61    -0.88     5.21     8.90    27.52    11.66     0.00     0.00     0.00    -2.64    -2.64    -7.46     3.62    0.00000 
  6    20.19    24.24     6.24     1.66    -0.98     5.80    10.01    27.93    12.39     0.00     0.00     0.00    -2.82    -2.82    -7.46     3.71   -0.00000 
  7    21.36    25.64     6.30     1.69    -1.04     6.20    10.74    28.29    12.89     0.00     0.00     0.00    -2.94    -2.94    -7.47     3.78   -0.00000 
  8    22.19    26.65     6.34     1.71    -1.09     6.49    11.22    28.61    13.25     0.00     0.00     0.00    -3.02    -3.02    -7.49     3.83   -0.00000 
  9    22.82    27.40     6.35     1.71    -1.12     6.72    11.54    28.88    13.49     0.00     0.00     0.00    -3.07    -3.07    -7.52     3.87   -0.00001 
 10    23.29    27.96     6.33     1.71    -1.15     6.89    11.75    29.08    13.66     0.00     0.00     0.00    -3.11    -3.11    -7.54     3.90   -0.00001 
 11    23.64    28.39     6.33     1.70    -1.17     7.02    11.90    29.27    13.79     0.00     0.00     0.00    -3.14    -3.14    -7.55     3.92   -0.00001 
 12    23.92    28.72     6.33     1.71    -1.18     7.12    12.04    29.41    13.91     0.00     0.00     0.00    -3.16    -3.16    -7.56     3.94   -0.00001 
 13    24.14    28.98     6.34     1.71    -1.20     7.19    12.17    29.47    14.00     0.00     0.00     0.00    -3.19    -3.19    -7.56     3.95   -0.00001 
 14    24.29    29.17     6.35     1.71    -1.20     7.25    12.26    29.52    14.06     0.00     0.00     0.00    -3.20    -3.20    -7.57     3.96   -0.00001 
 15    24.40    29.30     6.35     1.71    -1.21     7.29    12.32    29.56    14.10     0.00     0.00     0.00    -3.21    -3.21    -7.57     3.96   -0.00001 
 16    24.49    29.40     6.35     1.71    -1.21     7.32    12.36    29.59    14.13     0.00     0.00     0.00    -3.22    -3.22    -7.57     3.97   -0.00001 
 17    24.55    29.47     6.35     1.71    -1.22     7.34    12.39    29.61    14.16     0.00     0.00     0.00    -3.22    -3.22    -7.57     3.97   -0.00001 
 18    24.59    29.53     6.35     1.71    -1.22     7.36    12.41    29.63    14.17     0.00     0.00     0.00    -3.23    -3.23    -7.57     3.97   -0.00001 
 19    24.62    29.57     6.35     1.71    -1.22     7.37    12.43    29.64    14.18     0.00     0.00     0.00    -3.23    -3.23    -7.57     3.97   -0.00001 
 20    24.65    29.59     6.35     1.71    -1.22     7.38    12.44    29.65    14.19     0.00     0.00     0.00    -3.23    -3.23    -7.57     3.98   -0.00001 
 21    24.66    29.61     6.35     1.71    -1.22     7.38    12.45    29.65    14.20     0.00     0.00     0.00    -3.23    -3.23    -7.57     3.98   -0.00001 
 22    24.67    29.63     6.35     1.71    -1.22     7.39    12.46    29.66    14.20     0.00     0.00     0.00    -3.23    -3.23    -7.57     3.98   -0.00001 
 23    24.68    29.64     6.35     1.71    -1.23     7.39    12.46    29.66    14.21     0.00     0.00     0.00    -3.23    -3.23    -7.57     3.98   -0.00001 
 24    24.69    29.65     6.35     1.71    -1.23     7.39    12.47    29.66    14.21     0.00     0.00     0.00    -3.23    -3.23    -7.57     3.98   -0.00001 
 25    24.69    29.65     6.35     1.71    -1.23     7.39    12.47    29.66    14.21     0.00     0.00     0.00    -3.23    -3.23    -7.57     3.98   -0.00001 
 26    24.70    29.66     6.35     1.71    -1.23     7.39    12.47    29.66    14.21     0.00     0.00     0.00    -3.23    -3.23    -7.57     3.98   -0.00001 
 27    24.70    29.66     6.35     1.71    -1.23     7.40    12.47    29.66    14.21     0.00     0.00     0.00    -3.23    -3.23    -7.57     3.98   -0.00001 
 28    24.70    29.66     6.35     1.71    -1.23     7.40    12.47    29.66    14.21     0.00     0.00     0.00    -3.23    -3.23    -7.57     3.98   -0.00001 
 29    24.70    29.66     6.35     1.71    -1.23     7.40    12.47    29.66    14.21     0.00     0.00     0.00    -3.23    -3.23    -7.57     3.98   -0.00001 
 30    24.70    29.66     6.35     1.71    -1.23     7.40    12.47    29.66    14.21     0.00     0.00     0.00    -3.23    -3.23    -7.57     3.98   -0.00001 
 31    24.70    29.66     6.35     1.71    -1.23     7.40    12.47    29.66    14.21     0.00     0.00     0.00    -3.23    -3.23    -7.57     3.98   -0.00001 
 32    24.70    29.66     6.35     1.71    -1.23     7.40    12.47    29.66    14.21     0.00     0.00     0.00    -3.23    -3.23    -7.57     3.98   -0.00001 
 33    24.70    29.66     6.35     1.71    -1.23     7.40    12.47    29.66    14.22     0.00     0.00     0.00    -3.23    -3.23    -7.57     3.98   -0.00001 
 34    24.70    29.66     6.35     1.71    -1.23     7.40    12.47    29.66    14.22     0.00     0.00     0.00    -3.23    -3.23    -7.57     3.98   -0.00001 
 35    24.70    29.66     6.35     1.71    -1.23     7.40    12.47    29.66    14.22     0.00     0.00     0.00    -3.23    -3.23    -7.57     3.98   -0.00001 
 36    24.71    29.67     6.35     1.71    -1.23     7.40    12.47    29.67    14.22     0.00     0.00     0.00    -3.23    -3.23    -7.57     3.98   -0.00001 
 37    24.71    29.67     6.35     1.71    -1.23     7.40    12.47    29.67    14.22     0.00     0.00     0.00    -3.23    -3.23    -7.57     3.98   -0.00002 
 38    24.71    29.67     6.35     1.71    -1.23     7.40    12.47    29.66    14.22     0.00     0.00     0.00    -3.23    -3.23    -7.57     3.98   -0.00002 
 39    24.71    29.67     6.35     1.71    -1.23     7.40    12.47    29.67    14.22     0.00     0.00     0.00    -3.23    -3.23    -7.57     3.98   -0.00011 
 40    24.71    29.67     6.35     1.71    -1.23     7.40    12.47    29.67    14.22     0.00     0.00     0.00    -3.24    -3.24    -7.57     3.98   -0.00008 
           A        K        L        H        r        w        C        I        Y        B       BA     tauc     tauw     taur     taup      HEV       DIFF 
-10                                                                                                                                            0.00 
 -9                                                                                                                                            0.00 
 -8                                                                                                                                            0.00 
 -7                                                                                                                                           -0.00 
 -6                                                                                                                                           -0.00 
 -5                                                                                                                                           -0.00 
 -4                                                                                                                                           -0.00 
 -3                                                                                                                                           -0.00 
 -2                                                                                                                                           -0.00 
 -1                                                                                                                                           -0.00 
  0     0.00     0.00     0.00     0.00     0.00     0.00     0.00     0.00     0.00     0.00     0.00     0.00     0.00     0.00     0.00    -0.00   -0.00009 
  1     0.00     0.00     7.07     2.65     0.45    -2.43     3.18    11.10     4.47     0.00     0.00     0.00    -0.94    -0.94    -7.61     0.96    0.00000 
  2    14.68     4.23     7.41     2.82     0.19    -1.08     5.16    13.83     6.25     0.00     7.54     0.00    -1.86    -1.86    -7.61     0.96   -0.00000 
  3    18.50     7.88     7.35     2.87    -0.03     0.18     6.66    15.63     7.54     0.00     7.97     0.00    -2.20    -2.20    -7.60     0.96   -0.00000 
  4    21.59    10.83     7.30     2.91    -0.21     1.17     7.87    16.99     8.56     0.00     8.31     0.00    -2.45    -2.45    -7.59     0.96   -0.00000 
  5    24.04    13.18     7.24     2.94    -0.34     1.96     8.81    18.04     9.34     0.00     8.57     0.00    -2.65    -2.65    -7.58     0.96   -0.00000 
  6    25.97    15.03     7.17     2.95    -0.45     2.58     9.50    18.87     9.94     0.00     8.78     0.00    -2.79    -2.79    -7.57     0.96   -0.00000 
  7    27.48    16.49     7.09     2.95    -0.53     3.08    10.02    19.50    10.38     0.00     8.94     0.00    -2.90    -2.90    -7.56     0.96   -0.00000 
  8    28.66    17.64     6.99     2.93    -0.60     3.47    10.40    19.94    10.71     0.00     9.06     0.00    -2.97    -2.97    -7.55     0.96   -0.00000 
  9    29.56    18.51     6.86     2.90    -0.65     3.80    10.69    20.13    10.92     0.00     9.15     0.00    -3.02    -3.02    -7.55     0.96   -0.00000 
 10    30.18    19.13     6.96     2.94    -0.68     3.95    11.01    20.51    11.19     0.00     9.20     0.00    -3.09    -3.09    -7.58     0.96   -0.00000 
 11    30.70    19.66     7.05     2.97    -0.70     4.09    11.34    20.71    11.43     0.00     9.23     0.00    -3.14    -3.14    -7.61     0.96   -0.00000 
 12    31.09    20.06     7.12     3.00    -0.72     4.19    11.70    20.61    11.61     0.00     9.25     0.00    -3.18    -3.18    -7.63     0.96   -0.00000 
 13    31.30    20.27     7.09     3.00    -0.73     4.27    11.76    20.69    11.66     0.00     9.27     0.00    -3.20    -3.20    -7.62     0.96   -0.00000 
 14    31.47    20.43     7.08     2.99    -0.74     4.32    11.82    20.75    11.71     0.00     9.29     0.00    -3.21    -3.21    -7.61     0.96   -0.00000 
 15    31.59    20.55     7.07     2.99    -0.75     4.36    11.86    20.78    11.74     0.00     9.30     0.00    -3.21    -3.21    -7.61     0.96   -0.00000 
 16    31.67    20.64     7.07     2.99    -0.75     4.39    11.90    20.80    11.77     0.00     9.30     0.00    -3.22    -3.22    -7.61     0.96   -0.00000 
 17    31.73    20.70     7.07     2.99    -0.75     4.41    11.93    20.81    11.79     0.00     9.31     0.00    -3.23    -3.23    -7.60     0.96   -0.00000 
 18    31.77    20.74     7.07     2.99    -0.76     4.42    11.96    20.82    11.80     0.00     9.31     0.00    -3.23    -3.23    -7.60     0.96   -0.00000 
 19    31.80    20.77     7.07     2.99    -0.76     4.43    11.97    20.82    11.81     0.00     9.31     0.00    -3.23    -3.23    -7.60     0.96   -0.00000 
 20    31.82    20.79     7.07     2.99    -0.76     4.43    11.98    20.82    11.82     0.00     9.31     0.00    -3.23    -3.23    -7.60     0.96   -0.00000 
 21    31.83    20.80     7.07     2.99    -0.76     4.44    11.99    20.82    11.83     0.00     9.31     0.00    -3.23    -3.23    -7.60     0.96   -0.00000 
 22    31.84    20.81     7.07     2.99    -0.76     4.44    12.00    20.83    11.83     0.00     9.31     0.00    -3.24    -3.24    -7.60     0.96   -0.00000 
 23    31.85    20.82     7.07     2.99    -0.76     4.44    12.00    20.83    11.83     0.00     9.31     0.00    -3.24    -3.24    -7.60     0.96   -0.00000 
 24    31.85    20.82     7.07     2.99    -0.76     4.45    12.00    20.83    11.83     0.00     9.31     0.00    -3.24    -3.24    -7.60     0.96   -0.00000 
 25    31.86    20.82     7.07     2.99    -0.76     4.45    12.00    20.83    11.83     0.00     9.31     0.00    -3.24    -3.24    -7.60     0.96   -0.00000 
 26    31.86    20.83     7.07     2.99    -0.76     4.45    12.00    20.83    11.83     0.00     9.31     0.00    -3.24    -3.24    -7.60     0.96   -0.00000 
 27    31.86    20.83     7.07     2.99    -0.76     4.45    12.00    20.83    11.83     0.00     9.31     0.00    -3.24    -3.24    -7.60     0.96   -0.00000 
 28    31.86    20.83     7.07     2.99    -0.76     4.45    12.00    20.83    11.83     0.00     9.32     0.00    -3.24    -3.24    -7.60     0.96   -0.00000 
 29    31.86    20.83     7.07     2.99    -0.76     4.45    12.00    20.83    11.83     0.00     9.32     0.00    -3.24    -3.24    -7.60     0.96   -0.00000 
 30    31.86    20.83     7.07     2.99    -0.76     4.45    12.00    20.83    11.83     0.00     9.32     0.00    -3.24    -3.24    -7.60     0.96   -0.00000 
 31    31.86    20.83     7.07     2.99    -0.76     4.45    12.00    20.83    11.83     0.00     9.32     0.00    -3.24    -3.24    -7.60     0.96   -0.00000 
 32    31.86    20.83     7.07     2.99    -0.76     4.45    12.00    20.83    11.83     0.00     9.32     0.00    -3.24    -3.24    -7.60     0.96   -0.00000 
 33    31.86    20.83     7.07     2.99    -0.76     4.45    12.00    20.83    11.83     0.00     9.32     0.00    -3.24    -3.24    -7.60     0.96   -0.00000 
 34    31.86    20.83     7.07     2.99    -0.76     4.45    12.00    20.83    11.83     0.00     9.32     0.00    -3.24    -3.24    -7.60     0.96   -0.00000 
 35    31.86    20.83     7.07     2.99    -0.76     4.45    12.00    20.83    11.83     0.00     9.32     0.00    -3.24    -3.24    -7.60     0.96   -0.00000 
 36    31.86    20.83     7.07     2.99    -0.76     4.45    12.00    20.83    11.83     0.00     9.32     0.00    -3.24    -3.24    -7.60     0.96   -0.00000 
 37    31.86    20.83     7.07     2.99    -0.76     4.45    12.00    20.83    11.83     0.00     9.32     0.00    -3.24    -3.24    -7.60     0.96   -0.00000 
 38    31.86    20.83     7.07     2.99    -0.76     4.45    12.00    20.83    11.83     0.00     9.32     0.00    -3.24    -3.24    -7.60     0.96   -0.00000 
 39    31.86    20.83     7.07     2.99    -0.76     4.45    12.00    20.83    11.83     0.00     9.32     0.00    -3.24    -3.24    -7.60     0.96   -0.00001 
 40    31.86    20.83     7.07     2.99    -0.76     4.45    12.00    20.83    11.83     0.00     9.32     0.00    -3.24    -3.24    -7.60     0.96   -0.00000 
EFFICIENCY GAIN:      0.961708 
